[08/24/2022 08:29:43] Debug: Session id: 1fd707e3-112e-4193-ad67-c2edf227b883
[08/24/2022 08:29:43] Debug: Code Processor information: Name :SnowConvert, Version: 7.11.102.0
[08/24/2022 08:29:44] Debug: Getting license
[08/24/2022 08:29:44] Debug: License information
	Status: Failed
	Message: No active license available.
[08/24/2022 08:29:44] Info: Starting to validate parameters
[08/24/2022 08:29:44] Info: Parameters to validate: 
	Execution mode: Conversion
	LICENSE_KEY: a3372138-b87e-4a08-b929-3b48b24c63f1
[08/24/2022 08:29:44] Info: Validation of parameters: Success
[08/24/2022 08:29:44] Debug: Getting code descriptor
[08/24/2022 08:29:44] Debug: Code descriptor information
	Units: 51
	Units type: LOC
	All file bytes: 2141
	All found extensions: .sql,.dml,.ddl,.bteq,.btq,.fl,.fload,.ml,.mload,.mld,.tp,.tpump,.tpt
[08/24/2022 08:29:44] Debug: Calculating fingerprint
[08/24/2022 08:29:44] Debug: Fingerprint information Fingerprint(size=2141,projects=1)
[08/24/2022 08:29:44] Info: Starting to try to validate online license for execution
[08/24/2022 08:29:45] Debug: Getting license
[08/24/2022 08:29:45] Debug: License information
	Status: Failed
	Message: No active license available.
[08/24/2022 08:29:45] Debug: Starting the execution of the controller
[08/24/2022 08:29:46] Debug: Executing the worker: SnowConvert
[08/24/2022 08:29:58] Debug: Finished executing the worker: SnowConvert
[08/24/2022 08:30:00] Info: Controller execution ended
